2022-06-01 16:41:49,179 [restartedMain] INFO  com.unibrain.EWalletApplication                    - Starting EWalletApplication using Java 1.8.0_331 on LATITUDE with PID 150016 (F:\01-06-2021\ERP_git_clone\eWallet\target\classes started by LATITUDE in F:\01-06-2021\ERP_git_clone\eWallet)
2022-06-01 16:41:49,179 [restartedMain] INFO  com.unibrain.EWalletApplication                    - The following 1 profile is active: "local"
2022-06-01 16:41:49,483 [restartedMain] INFO  o.s.d.r.c.RepositoryConfigurationDelegate          - Bootstrapping Spring Data JPA repositories in DEFAULT mode.
2022-06-01 16:41:49,500 [restartedMain] INFO  o.s.d.r.c.RepositoryConfigurationDelegate          - Finished Spring Data repository scanning in 17 ms. Found 0 JPA repository interfaces.
2022-06-01 16:41:49,876 [restartedMain] INFO  o.s.b.w.embedded.tomcat.TomcatWebServer            - Tomcat initialized with port(s): 8082 (http)
2022-06-01 16:41:49,876 [restartedMain] INFO  o.apache.coyote.http11.Http11NioProtocol           - Initializing ProtocolHandler ["http-nio-8082"]
2022-06-01 16:41:49,877 [restartedMain] INFO  org.apache.catalina.core.StandardService           - Starting service [Tomcat]
2022-06-01 16:41:49,877 [restartedMain] INFO  org.apache.catalina.core.StandardEngine            - Starting Servlet engine: [Apache Tomcat/9.0.63]
2022-06-01 16:41:49,918 [restartedMain] INFO  o.a.c.c.C.[.[localhost].[/ewallet.com]             - Initializing Spring embedded WebApplicationContext
2022-06-01 16:41:49,918 [restartedMain] INFO  o.s.b.w.s.c.ServletWebServerApplicationContext     - Root WebApplicationContext: initialization completed in 737 ms
2022-06-01 16:41:49,946 [restartedMain] INFO  com.zaxxer.hikari.HikariDataSource                 - HikariPool-9 - Starting...
2022-06-01 16:41:49,987 [restartedMain] INFO  com.zaxxer.hikari.HikariDataSource                 - HikariPool-9 - Start completed.
2022-06-01 16:41:49,988 [restartedMain] INFO  org.hibernate.dialect.Dialect                      - HHH000400: Using dialect: org.hibernate.dialect.PostgreSQLDialect
2022-06-01 16:41:50,040 [restartedMain] INFO  o.h.e.t.j.p.i.JtaPlatformInitiator                 - HHH000490: Using JtaPlatform implementation: [org.hibernate.engine.transaction.jta.platform.internal.NoJtaPlatform]
2022-06-01 16:41:50,111 [restartedMain] INFO  o.s.b.d.a.OptionalLiveReloadServer                 - LiveReload server is running on port 35729
2022-06-01 16:41:50,117 [restartedMain] INFO  o.apache.coyote.http11.Http11NioProtocol           - Starting ProtocolHandler ["http-nio-8082"]
2022-06-01 16:41:50,120 [restartedMain] INFO  o.s.b.w.embedded.tomcat.TomcatWebServer            - Tomcat started on port(s): 8082 (http) with context path '/ewallet.com'
2022-06-01 16:41:50,123 [restartedMain] INFO  com.unibrain.EWalletApplication                    - Started EWalletApplication in 1.004 seconds (JVM running for 2101.171)
2022-06-01 16:41:50,125 [restartedMain] INFO  o.s.b.d.a.ConditionEvaluationDeltaLoggingListener  - Condition evaluation unchanged
2022-06-01 16:42:04,659 [http-nio-8082-exec-1] INFO  o.a.c.c.C.[.[localhost].[/ewallet.com]             - Initializing Spring DispatcherServlet 'dispatcherServlet'
2022-06-01 16:42:04,661 [http-nio-8082-exec-1] INFO  o.s.web.servlet.DispatcherServlet                  - Initializing Servlet 'dispatcherServlet'
2022-06-01 16:42:04,662 [http-nio-8082-exec-1] INFO  o.s.web.servlet.DispatcherServlet                  - Completed initialization in 1 ms
2022-06-01 16:42:04,664 [http-nio-8082-exec-1] INFO  com.unibrain.controller.UserController             - This is an info message
2022-06-01 16:42:04,664 [http-nio-8082-exec-1] WARN  com.unibrain.controller.UserController             - This is a warn message
2022-06-01 16:42:04,664 [http-nio-8082-exec-1] ERROR com.unibrain.controller.UserController             - This is an error message
2022-06-01 16:43:01,221 [Thread-36] INFO  com.zaxxer.hikari.HikariDataSource                 - HikariPool-9 - Shutdown initiated...
2022-06-01 16:43:01,237 [Thread-36] INFO  com.zaxxer.hikari.HikariDataSource                 - HikariPool-9 - Shutdown completed.
