2022-06-01 11:46:27,789 [restartedMain] INFO  com.unibrain.EWalletApplication                    - Starting EWalletApplication using Java 1.8.0_331 on LATITUDE with PID 199376 (F:\01-06-2021\ERP_git_clone\eWallet\target\classes started by LATITUDE in F:\01-06-2021\ERP_git_clone\eWallet)
2022-06-01 11:46:27,789 [restartedMain] INFO  com.unibrain.EWalletApplication                    - No active profile set, falling back to 1 default profile: "default"
2022-06-01 11:46:27,921 [restartedMain] INFO  o.s.d.r.c.RepositoryConfigurationDelegate          - Bootstrapping Spring Data JPA repositories in DEFAULT mode.
2022-06-01 11:46:27,924 [restartedMain] INFO  o.s.d.r.c.RepositoryConfigurationDelegate          - Finished Spring Data repository scanning in 3 ms. Found 0 JPA repository interfaces.
2022-06-01 11:46:28,074 [restartedMain] INFO  o.s.b.w.embedded.tomcat.TomcatWebServer            - Tomcat initialized with port(s): 8082 (http)
2022-06-01 11:46:28,074 [restartedMain] INFO  org.apache.catalina.core.StandardService           - Starting service [Tomcat]
2022-06-01 11:46:28,074 [restartedMain] INFO  org.apache.catalina.core.StandardEngine            - Starting Servlet engine: [Apache Tomcat/9.0.63]
2022-06-01 11:46:28,111 [restartedMain] INFO  o.a.c.c.C.[.[localhost].[/ewallet.com]             - Initializing Spring embedded WebApplicationContext
2022-06-01 11:46:28,112 [restartedMain] INFO  o.s.b.w.s.c.ServletWebServerApplicationContext     - Root WebApplicationContext: initialization completed in 321 ms
2022-06-01 11:46:28,128 [restartedMain] INFO  com.zaxxer.hikari.HikariDataSource                 - HikariPool-14 - Starting...
2022-06-01 11:46:28,154 [restartedMain] INFO  com.zaxxer.hikari.HikariDataSource                 - HikariPool-14 - Start completed.
2022-06-01 11:46:28,155 [restartedMain] INFO  org.hibernate.dialect.Dialect                      - HHH000400: Using dialect: org.hibernate.dialect.PostgreSQLDialect
2022-06-01 11:46:28,183 [restartedMain] INFO  o.h.e.t.j.p.i.JtaPlatformInitiator                 - HHH000490: Using JtaPlatform implementation: [org.hibernate.engine.transaction.jta.platform.internal.NoJtaPlatform]
2022-06-01 11:46:28,241 [restartedMain] INFO  o.s.b.d.a.OptionalLiveReloadServer                 - LiveReload server is running on port 35729
2022-06-01 11:46:28,244 [restartedMain] INFO  o.s.b.w.embedded.tomcat.TomcatWebServer            - Tomcat started on port(s): 8082 (http) with context path '/ewallet.com'
2022-06-01 11:46:28,246 [restartedMain] INFO  com.unibrain.EWalletApplication                    - Started EWalletApplication in 0.52 seconds (JVM running for 6327.032)
2022-06-01 11:46:28,247 [restartedMain] INFO  o.s.b.d.a.ConditionEvaluationDeltaLoggingListener  - Condition evaluation unchanged
2022-06-01 11:48:22,347 [Thread-58] INFO  com.zaxxer.hikari.HikariDataSource                 - HikariPool-14 - Shutdown initiated...
2022-06-01 11:48:22,349 [Thread-58] INFO  com.zaxxer.hikari.HikariDataSource                 - HikariPool-14 - Shutdown completed.
2022-06-01 11:48:22,462 [restartedMain] INFO  com.unibrain.EWalletApplication                    - Starting EWalletApplication using Java 1.8.0_331 on LATITUDE with PID 199376 (F:\01-06-2021\ERP_git_clone\eWallet\target\classes started by LATITUDE in F:\01-06-2021\ERP_git_clone\eWallet)
2022-06-01 11:48:22,462 [restartedMain] INFO  com.unibrain.EWalletApplication                    - No active profile set, falling back to 1 default profile: "default"
2022-06-01 11:48:22,584 [restartedMain] INFO  o.s.d.r.c.RepositoryConfigurationDelegate          - Bootstrapping Spring Data JPA repositories in DEFAULT mode.
2022-06-01 11:48:22,588 [restartedMain] INFO  o.s.d.r.c.RepositoryConfigurationDelegate          - Finished Spring Data repository scanning in 3 ms. Found 0 JPA repository interfaces.
2022-06-01 11:48:22,724 [restartedMain] INFO  o.s.b.w.embedded.tomcat.TomcatWebServer            - Tomcat initialized with port(s): 8082 (http)
2022-06-01 11:48:22,725 [restartedMain] INFO  org.apache.catalina.core.StandardService           - Starting service [Tomcat]
2022-06-01 11:48:22,725 [restartedMain] INFO  org.apache.catalina.core.StandardEngine            - Starting Servlet engine: [Apache Tomcat/9.0.63]
2022-06-01 11:48:22,761 [restartedMain] INFO  o.a.c.c.C.[.[localhost].[/ewallet.com]             - Initializing Spring embedded WebApplicationContext
2022-06-01 11:48:22,761 [restartedMain] INFO  o.s.b.w.s.c.ServletWebServerApplicationContext     - Root WebApplicationContext: initialization completed in 297 ms
2022-06-01 11:48:22,780 [restartedMain] INFO  com.zaxxer.hikari.HikariDataSource                 - HikariPool-15 - Starting...
2022-06-01 11:48:22,808 [restartedMain] INFO  com.zaxxer.hikari.HikariDataSource                 - HikariPool-15 - Start completed.
2022-06-01 11:48:22,808 [restartedMain] INFO  org.hibernate.dialect.Dialect                      - HHH000400: Using dialect: org.hibernate.dialect.PostgreSQLDialect
2022-06-01 11:48:22,831 [restartedMain] INFO  o.h.e.t.j.p.i.JtaPlatformInitiator                 - HHH000490: Using JtaPlatform implementation: [org.hibernate.engine.transaction.jta.platform.internal.NoJtaPlatform]
2022-06-01 11:48:22,880 [restartedMain] INFO  o.s.b.d.a.OptionalLiveReloadServer                 - LiveReload server is running on port 35729
2022-06-01 11:48:22,884 [restartedMain] INFO  o.s.b.w.embedded.tomcat.TomcatWebServer            - Tomcat started on port(s): 8082 (http) with context path '/ewallet.com'
2022-06-01 11:48:22,886 [restartedMain] INFO  com.unibrain.EWalletApplication                    - Started EWalletApplication in 0.449 seconds (JVM running for 6441.671)
2022-06-01 11:48:22,886 [restartedMain] INFO  o.s.b.d.a.ConditionEvaluationDeltaLoggingListener  - Condition evaluation unchanged
2022-06-01 11:50:07,597 [Thread-62] INFO  com.zaxxer.hikari.HikariDataSource                 - HikariPool-15 - Shutdown initiated...
2022-06-01 11:50:07,599 [Thread-62] INFO  com.zaxxer.hikari.HikariDataSource                 - HikariPool-15 - Shutdown completed.
